{"/home/mike10010100/git/ergoblock/src/api.ts": {"path":"/home/mike10010100/git/ergoblock/src/api.ts","statementMap":{"0":{"start":{"line":7,"column":24},"end":{"line":7,"column":null}},"1":{"start":{"line":9,"column":25},"end":{"line":9,"column":null}},"2":{"start":{"line":12,"column":24},"end":{"line":17,"column":null}},"3":{"start":{"line":13,"column":2},"end":{"line":15,"column":null}},"4":{"start":{"line":14,"column":4},"end":{"line":14,"column":null}},"5":{"start":{"line":16,"column":2},"end":{"line":16,"column":null}},"6":{"start":{"line":24,"column":2},"end":{"line":93,"column":null}},"7":{"start":{"line":25,"column":30},"end":{"line":25,"column":null}},"8":{"start":{"line":26,"column":4},"end":{"line":26,"column":null}},"9":{"start":{"line":26,"column":28},"end":{"line":26,"column":null}},"10":{"start":{"line":29,"column":25},"end":{"line":31,"column":null}},"11":{"start":{"line":30,"column":13},"end":{"line":30,"column":null}},"12":{"start":{"line":33,"column":4},"end":{"line":33,"column":null}},"13":{"start":{"line":35,"column":4},"end":{"line":86,"column":null}},"14":{"start":{"line":36,"column":6},"end":{"line":85,"column":null}},"15":{"start":{"line":37,"column":20},"end":{"line":37,"column":null}},"16":{"start":{"line":38,"column":8},"end":{"line":38,"column":null}},"17":{"start":{"line":38,"column":18},"end":{"line":38,"column":null}},"18":{"start":{"line":40,"column":23},"end":{"line":40,"column":null}},"19":{"start":{"line":41,"column":8},"end":{"line":41,"column":null}},"20":{"start":{"line":44,"column":42},"end":{"line":44,"column":null}},"21":{"start":{"line":47,"column":8},"end":{"line":50,"column":null}},"22":{"start":{"line":48,"column":29},"end":{"line":48,"column":null}},"23":{"start":{"line":49,"column":10},"end":{"line":49,"column":null}},"24":{"start":{"line":49,"column":57},"end":{"line":49,"column":77}},"25":{"start":{"line":53,"column":8},"end":{"line":56,"column":null}},"26":{"start":{"line":54,"column":29},"end":{"line":54,"column":null}},"27":{"start":{"line":55,"column":10},"end":{"line":55,"column":null}},"28":{"start":{"line":55,"column":49},"end":{"line":55,"column":69}},"29":{"start":{"line":59,"column":8},"end":{"line":61,"column":null}},"30":{"start":{"line":60,"column":10},"end":{"line":60,"column":null}},"31":{"start":{"line":63,"column":8},"end":{"line":82,"column":null}},"32":{"start":{"line":64,"column":10},"end":{"line":64,"column":null}},"33":{"start":{"line":66,"column":23},"end":{"line":66,"column":null}},"34":{"start":{"line":68,"column":10},"end":{"line":68,"column":null}},"35":{"start":{"line":70,"column":10},"end":{"line":72,"column":null}},"36":{"start":{"line":71,"column":12},"end":{"line":71,"column":null}},"37":{"start":{"line":73,"column":10},"end":{"line":73,"column":null}},"38":{"start":{"line":75,"column":10},"end":{"line":81,"column":null}},"39":{"start":{"line":88,"column":4},"end":{"line":88,"column":null}},"40":{"start":{"line":89,"column":4},"end":{"line":89,"column":null}},"41":{"start":{"line":91,"column":4},"end":{"line":91,"column":null}},"42":{"start":{"line":92,"column":4},"end":{"line":92,"column":null}},"43":{"start":{"line":109,"column":18},"end":{"line":109,"column":null}},"44":{"start":{"line":110,"column":2},"end":{"line":112,"column":null}},"45":{"start":{"line":111,"column":4},"end":{"line":111,"column":null}},"46":{"start":{"line":117,"column":13},"end":{"line":117,"column":null}},"47":{"start":{"line":118,"column":2},"end":{"line":124,"column":null}},"48":{"start":{"line":119,"column":4},"end":{"line":123,"column":null}},"49":{"start":{"line":120,"column":6},"end":{"line":120,"column":null}},"50":{"start":{"line":122,"column":6},"end":{"line":122,"column":null}},"51":{"start":{"line":126,"column":2},"end":{"line":128,"column":null}},"52":{"start":{"line":127,"column":4},"end":{"line":127,"column":null}},"53":{"start":{"line":131,"column":2},"end":{"line":131,"column":null}},"54":{"start":{"line":133,"column":14},"end":{"line":133,"column":null}},"55":{"start":{"line":134,"column":2},"end":{"line":134,"column":null}},"56":{"start":{"line":136,"column":31},"end":{"line":142,"column":null}},"57":{"start":{"line":144,"column":2},"end":{"line":146,"column":null}},"58":{"start":{"line":145,"column":4},"end":{"line":145,"column":null}},"59":{"start":{"line":148,"column":19},"end":{"line":148,"column":null}},"60":{"start":{"line":150,"column":2},"end":{"line":154,"column":null}},"61":{"start":{"line":151,"column":19},"end":{"line":151,"column":null}},"62":{"start":{"line":151,"column":54},"end":{"line":151,"column":57}},"63":{"start":{"line":152,"column":4},"end":{"line":152,"column":null}},"64":{"start":{"line":153,"column":4},"end":{"line":153,"column":null}},"65":{"start":{"line":157,"column":15},"end":{"line":157,"column":null}},"66":{"start":{"line":158,"column":2},"end":{"line":158,"column":null}},"67":{"start":{"line":166,"column":18},"end":{"line":166,"column":null}},"68":{"start":{"line":167,"column":2},"end":{"line":167,"column":null}},"69":{"start":{"line":167,"column":16},"end":{"line":167,"column":null}},"70":{"start":{"line":169,"column":17},"end":{"line":173,"column":null}},"71":{"start":{"line":175,"column":2},"end":{"line":179,"column":null}},"72":{"start":{"line":187,"column":18},"end":{"line":187,"column":null}},"73":{"start":{"line":188,"column":2},"end":{"line":188,"column":null}},"74":{"start":{"line":188,"column":16},"end":{"line":188,"column":null}},"75":{"start":{"line":191,"column":17},"end":{"line":193,"column":null}},"76":{"start":{"line":195,"column":22},"end":{"line":195,"column":null}},"77":{"start":{"line":195,"column":51},"end":{"line":195,"column":74}},"78":{"start":{"line":196,"column":2},"end":{"line":199,"column":null}},"79":{"start":{"line":197,"column":4},"end":{"line":197,"column":null}},"80":{"start":{"line":198,"column":4},"end":{"line":198,"column":null}},"81":{"start":{"line":202,"column":15},"end":{"line":202,"column":null}},"82":{"start":{"line":203,"column":2},"end":{"line":207,"column":null}},"83":{"start":{"line":215,"column":18},"end":{"line":215,"column":null}},"84":{"start":{"line":216,"column":2},"end":{"line":216,"column":null}},"85":{"start":{"line":216,"column":16},"end":{"line":216,"column":null}},"86":{"start":{"line":218,"column":2},"end":{"line":225,"column":null}},"87":{"start":{"line":233,"column":18},"end":{"line":233,"column":null}},"88":{"start":{"line":234,"column":2},"end":{"line":234,"column":null}},"89":{"start":{"line":234,"column":16},"end":{"line":234,"column":null}},"90":{"start":{"line":236,"column":2},"end":{"line":243,"column":null}},"91":{"start":{"line":251,"column":2},"end":{"line":251,"column":null}}},"fnMap":{"0":{"name":"(anonymous_0)","decl":{"start":{"line":12,"column":24},"end":{"line":12,"column":30}},"loc":{"start":{"line":12,"column":30},"end":{"line":17,"column":null}},"line":12},"1":{"name":"getSession","decl":{"start":{"line":23,"column":16},"end":{"line":23,"column":49}},"loc":{"start":{"line":23,"column":49},"end":{"line":94,"column":null}},"line":23},"2":{"name":"(anonymous_2)","decl":{"start":{"line":30,"column":6},"end":{"line":30,"column":7}},"loc":{"start":{"line":30,"column":13},"end":{"line":30,"column":null}},"line":30},"3":{"name":"(anonymous_3)","decl":{"start":{"line":49,"column":50},"end":{"line":49,"column":51}},"loc":{"start":{"line":49,"column":57},"end":{"line":49,"column":77}},"line":49},"4":{"name":"(anonymous_4)","decl":{"start":{"line":55,"column":42},"end":{"line":55,"column":43}},"loc":{"start":{"line":55,"column":49},"end":{"line":55,"column":69}},"line":55},"5":{"name":"apiRequest","decl":{"start":{"line":103,"column":15},"end":{"line":103,"column":null}},"loc":{"start":{"line":108,"column":21},"end":{"line":159,"column":null}},"line":108},"6":{"name":"(anonymous_6)","decl":{"start":{"line":151,"column":47},"end":{"line":151,"column":54}},"loc":{"start":{"line":151,"column":54},"end":{"line":151,"column":57}},"line":151},"7":{"name":"blockUser","decl":{"start":{"line":165,"column":22},"end":{"line":165,"column":32}},"loc":{"start":{"line":165,"column":63},"end":{"line":180,"column":null}},"line":165},"8":{"name":"unblockUser","decl":{"start":{"line":186,"column":22},"end":{"line":186,"column":34}},"loc":{"start":{"line":186,"column":65},"end":{"line":208,"column":null}},"line":186},"9":{"name":"(anonymous_9)","decl":{"start":{"line":195,"column":44},"end":{"line":195,"column":45}},"loc":{"start":{"line":195,"column":51},"end":{"line":195,"column":74}},"line":195},"10":{"name":"muteUser","decl":{"start":{"line":214,"column":22},"end":{"line":214,"column":31}},"loc":{"start":{"line":214,"column":62},"end":{"line":226,"column":null}},"line":214},"11":{"name":"unmuteUser","decl":{"start":{"line":232,"column":22},"end":{"line":232,"column":33}},"loc":{"start":{"line":232,"column":64},"end":{"line":244,"column":null}},"line":232},"12":{"name":"getProfile","decl":{"start":{"line":250,"column":22},"end":{"line":250,"column":33}},"loc":{"start":{"line":250,"column":73},"end":{"line":252,"column":null}},"line":250}},"branchMap":{"0":{"loc":{"start":{"line":13,"column":2},"end":{"line":15,"column":null}},"type":"if","locations":[{"start":{"line":13,"column":2},"end":{"line":15,"column":null}},{"start":{},"end":{}}],"line":13},"1":{"loc":{"start":{"line":13,"column":6},"end":{"line":13,"column":60}},"type":"binary-expr","locations":[{"start":{"line":13,"column":6},"end":{"line":13,"column":39}},{"start":{"line":13,"column":39},"end":{"line":13,"column":60}}],"line":13},"2":{"loc":{"start":{"line":26,"column":4},"end":{"line":26,"column":null}},"type":"if","locations":[{"start":{"line":26,"column":4},"end":{"line":26,"column":null}},{"start":{},"end":{}}],"line":26},"3":{"loc":{"start":{"line":30,"column":13},"end":{"line":30,"column":null}},"type":"binary-expr","locations":[{"start":{"line":30,"column":13},"end":{"line":30,"column":35}},{"start":{"line":30,"column":35},"end":{"line":30,"column":57}},{"start":{"line":30,"column":57},"end":{"line":30,"column":null}}],"line":30},"4":{"loc":{"start":{"line":38,"column":8},"end":{"line":38,"column":null}},"type":"if","locations":[{"start":{"line":38,"column":8},"end":{"line":38,"column":null}},{"start":{},"end":{}}],"line":38},"5":{"loc":{"start":{"line":47,"column":8},"end":{"line":50,"column":null}},"type":"if","locations":[{"start":{"line":47,"column":8},"end":{"line":50,"column":null}},{"start":{},"end":{}}],"line":47},"6":{"loc":{"start":{"line":49,"column":20},"end":{"line":49,"column":null}},"type":"binary-expr","locations":[{"start":{"line":49,"column":20},"end":{"line":49,"column":82}},{"start":{"line":49,"column":82},"end":{"line":49,"column":null}}],"line":49},"7":{"loc":{"start":{"line":53,"column":8},"end":{"line":56,"column":null}},"type":"if","locations":[{"start":{"line":53,"column":8},"end":{"line":56,"column":null}},{"start":{},"end":{}}],"line":53},"8":{"loc":{"start":{"line":53,"column":12},"end":{"line":53,"column":48}},"type":"binary-expr","locations":[{"start":{"line":53,"column":12},"end":{"line":53,"column":24}},{"start":{"line":53,"column":24},"end":{"line":53,"column":48}}],"line":53},"9":{"loc":{"start":{"line":55,"column":20},"end":{"line":55,"column":null}},"type":"binary-expr","locations":[{"start":{"line":55,"column":20},"end":{"line":55,"column":74}},{"start":{"line":55,"column":74},"end":{"line":55,"column":null}}],"line":55},"10":{"loc":{"start":{"line":59,"column":8},"end":{"line":61,"column":null}},"type":"if","locations":[{"start":{"line":59,"column":8},"end":{"line":61,"column":null}},{"start":{},"end":{}}],"line":59},"11":{"loc":{"start":{"line":59,"column":12},"end":{"line":59,"column":58}},"type":"binary-expr","locations":[{"start":{"line":59,"column":12},"end":{"line":59,"column":24}},{"start":{"line":59,"column":24},"end":{"line":59,"column":45}},{"start":{"line":59,"column":45},"end":{"line":59,"column":58}}],"line":59},"12":{"loc":{"start":{"line":63,"column":8},"end":{"line":82,"column":null}},"type":"if","locations":[{"start":{"line":63,"column":8},"end":{"line":82,"column":null}},{"start":{},"end":{}}],"line":63},"13":{"loc":{"start":{"line":63,"column":12},"end":{"line":63,"column":57}},"type":"binary-expr","locations":[{"start":{"line":63,"column":12},"end":{"line":63,"column":23}},{"start":{"line":63,"column":23},"end":{"line":63,"column":44}},{"start":{"line":63,"column":44},"end":{"line":63,"column":57}}],"line":63},"14":{"loc":{"start":{"line":64,"column":56},"end":{"line":64,"column":85}},"type":"binary-expr","locations":[{"start":{"line":64,"column":56},"end":{"line":64,"column":74}},{"start":{"line":64,"column":74},"end":{"line":64,"column":85}}],"line":64},"15":{"loc":{"start":{"line":66,"column":23},"end":{"line":66,"column":null}},"type":"binary-expr","locations":[{"start":{"line":66,"column":23},"end":{"line":66,"column":41}},{"start":{"line":66,"column":41},"end":{"line":66,"column":60}},{"start":{"line":66,"column":60},"end":{"line":66,"column":null}}],"line":66},"16":{"loc":{"start":{"line":70,"column":10},"end":{"line":72,"column":null}},"type":"if","locations":[{"start":{"line":70,"column":10},"end":{"line":72,"column":null}},{"start":{},"end":{}}],"line":70},"17":{"loc":{"start":{"line":70,"column":14},"end":{"line":70,"column":79}},"type":"binary-expr","locations":[{"start":{"line":70,"column":14},"end":{"line":70,"column":47}},{"start":{"line":70,"column":47},"end":{"line":70,"column":79}}],"line":70},"18":{"loc":{"start":{"line":79,"column":20},"end":{"line":79,"column":null}},"type":"binary-expr","locations":[{"start":{"line":79,"column":20},"end":{"line":79,"column":38}},{"start":{"line":79,"column":38},"end":{"line":79,"column":null}}],"line":79},"19":{"loc":{"start":{"line":105,"column":2},"end":{"line":105,"column":null}},"type":"default-arg","locations":[{"start":{"line":105,"column":11},"end":{"line":105,"column":null}}],"line":105},"20":{"loc":{"start":{"line":106,"column":2},"end":{"line":106,"column":null}},"type":"default-arg","locations":[{"start":{"line":106,"column":18},"end":{"line":106,"column":null}}],"line":106},"21":{"loc":{"start":{"line":107,"column":2},"end":{"line":107,"column":null}},"type":"default-arg","locations":[{"start":{"line":107,"column":27},"end":{"line":107,"column":null}}],"line":107},"22":{"loc":{"start":{"line":110,"column":2},"end":{"line":112,"column":null}},"type":"if","locations":[{"start":{"line":110,"column":2},"end":{"line":112,"column":null}},{"start":{},"end":{}}],"line":110},"23":{"loc":{"start":{"line":118,"column":2},"end":{"line":124,"column":null}},"type":"if","locations":[{"start":{"line":118,"column":2},"end":{"line":124,"column":null}},{"start":{},"end":{}}],"line":118},"24":{"loc":{"start":{"line":119,"column":4},"end":{"line":123,"column":null}},"type":"if","locations":[{"start":{"line":119,"column":4},"end":{"line":123,"column":null}},{"start":{"line":121,"column":11},"end":{"line":123,"column":null}}],"line":119},"25":{"loc":{"start":{"line":126,"column":2},"end":{"line":128,"column":null}},"type":"if","locations":[{"start":{"line":126,"column":2},"end":{"line":128,"column":null}},{"start":{},"end":{}}],"line":126},"26":{"loc":{"start":{"line":144,"column":2},"end":{"line":146,"column":null}},"type":"if","locations":[{"start":{"line":144,"column":2},"end":{"line":146,"column":null}},{"start":{},"end":{}}],"line":144},"27":{"loc":{"start":{"line":150,"column":2},"end":{"line":154,"column":null}},"type":"if","locations":[{"start":{"line":150,"column":2},"end":{"line":154,"column":null}},{"start":{},"end":{}}],"line":150},"28":{"loc":{"start":{"line":153,"column":20},"end":{"line":153,"column":68}},"type":"binary-expr","locations":[{"start":{"line":153,"column":20},"end":{"line":153,"column":37}},{"start":{"line":153,"column":37},"end":{"line":153,"column":68}}],"line":153},"29":{"loc":{"start":{"line":158,"column":9},"end":{"line":158,"column":null}},"type":"cond-expr","locations":[{"start":{"line":158,"column":17},"end":{"line":158,"column":42}},{"start":{"line":158,"column":42},"end":{"line":158,"column":null}}],"line":158},"30":{"loc":{"start":{"line":167,"column":2},"end":{"line":167,"column":null}},"type":"if","locations":[{"start":{"line":167,"column":2},"end":{"line":167,"column":null}},{"start":{},"end":{}}],"line":167},"31":{"loc":{"start":{"line":188,"column":2},"end":{"line":188,"column":null}},"type":"if","locations":[{"start":{"line":188,"column":2},"end":{"line":188,"column":null}},{"start":{},"end":{}}],"line":188},"32":{"loc":{"start":{"line":196,"column":2},"end":{"line":199,"column":null}},"type":"if","locations":[{"start":{"line":196,"column":2},"end":{"line":199,"column":null}},{"start":{},"end":{}}],"line":196},"33":{"loc":{"start":{"line":216,"column":2},"end":{"line":216,"column":null}},"type":"if","locations":[{"start":{"line":216,"column":2},"end":{"line":216,"column":null}},{"start":{},"end":{}}],"line":216},"34":{"loc":{"start":{"line":234,"column":2},"end":{"line":234,"column":null}},"type":"if","locations":[{"start":{"line":234,"column":2},"end":{"line":234,"column":null}},{"start":{},"end":{}}],"line":234}},"s":{"0":1,"1":1,"2":1,"3":16,"4":16,"5":0,"6":16,"7":16,"8":16,"9":0,"10":16,"11":14,"12":16,"13":16,"14":14,"15":14,"16":14,"17":0,"18":14,"19":14,"20":14,"21":14,"22":1,"23":1,"24":1,"25":14,"26":1,"27":1,"28":1,"29":14,"30":12,"31":14,"32":14,"33":14,"34":14,"35":14,"36":1,"37":14,"38":14,"39":2,"40":2,"41":0,"42":0,"43":7,"44":7,"45":1,"46":6,"47":6,"48":4,"49":3,"50":1,"51":6,"52":0,"53":6,"54":6,"55":6,"56":6,"57":6,"58":4,"59":6,"60":6,"61":0,"62":0,"63":0,"64":0,"65":6,"66":6,"67":1,"68":1,"69":0,"70":1,"71":1,"72":1,"73":1,"74":0,"75":1,"76":1,"77":1,"78":1,"79":0,"80":0,"81":1,"82":1,"83":1,"84":1,"85":0,"86":1,"87":1,"88":1,"89":0,"90":1,"91":2},"f":{"0":16,"1":16,"2":14,"3":1,"4":1,"5":7,"6":0,"7":1,"8":1,"9":1,"10":1,"11":1,"12":2},"b":{"0":[16,0],"1":[16,16],"2":[0,16],"3":[14,0,0],"4":[0,14],"5":[1,13],"6":[1,0],"7":[1,13],"8":[14,13],"9":[1,0],"10":[12,2],"11":[14,12,12],"12":[14,0],"13":[14,14,14],"14":[14,11],"15":[14,4,3],"16":[1,13],"17":[14,14],"18":[14,11],"19":[7],"20":[7],"21":[7],"22":[1,6],"23":[4,2],"24":[3,1],"25":[0,6],"26":[4,2],"27":[0,6],"28":[0,0],"29":[3,3],"30":[0,1],"31":[0,1],"32":[0,1],"33":[0,1],"34":[0,1]},"meta":{"lastBranch":35,"lastFunction":13,"lastStatement":92,"seen":{"s:7:24:7:Infinity":0,"s:9:25:9:Infinity":1,"s:12:24:17:Infinity":2,"f:12:24:12:30":0,"b:13:2:15:Infinity:undefined:undefined:undefined:undefined":0,"s:13:2:15:Infinity":3,"b:13:6:13:39:13:39:13:60":1,"s:14:4:14:Infinity":4,"s:16:2:16:Infinity":5,"f:23:16:23:49":1,"s:24:2:93:Infinity":6,"s:25:30:25:Infinity":7,"b:26:4:26:Infinity:undefined:undefined:undefined:undefined":2,"s:26:4:26:Infinity":8,"s:26:28:26:Infinity":9,"s:29:25:31:Infinity":10,"f:30:6:30:7":2,"s:30:13:30:Infinity":11,"b:30:13:30:35:30:35:30:57:30:57:30:Infinity":3,"s:33:4:33:Infinity":12,"s:35:4:86:Infinity":13,"s:36:6:85:Infinity":14,"s:37:20:37:Infinity":15,"b:38:8:38:Infinity:undefined:undefined:undefined:undefined":4,"s:38:8:38:Infinity":16,"s:38:18:38:Infinity":17,"s:40:23:40:Infinity":18,"s:41:8:41:Infinity":19,"s:44:42:44:Infinity":20,"b:47:8:50:Infinity:undefined:undefined:undefined:undefined":5,"s:47:8:50:Infinity":21,"s:48:29:48:Infinity":22,"s:49:10:49:Infinity":23,"b:49:20:49:82:49:82:49:Infinity":6,"f:49:50:49:51":3,"s:49:57:49:77":24,"b:53:8:56:Infinity:undefined:undefined:undefined:undefined":7,"s:53:8:56:Infinity":25,"b:53:12:53:24:53:24:53:48":8,"s:54:29:54:Infinity":26,"s:55:10:55:Infinity":27,"b:55:20:55:74:55:74:55:Infinity":9,"f:55:42:55:43":4,"s:55:49:55:69":28,"b:59:8:61:Infinity:undefined:undefined:undefined:undefined":10,"s:59:8:61:Infinity":29,"b:59:12:59:24:59:24:59:45:59:45:59:58":11,"s:60:10:60:Infinity":30,"b:63:8:82:Infinity:undefined:undefined:undefined:undefined":12,"s:63:8:82:Infinity":31,"b:63:12:63:23:63:23:63:44:63:44:63:57":13,"s:64:10:64:Infinity":32,"b:64:56:64:74:64:74:64:85":14,"s:66:23:66:Infinity":33,"b:66:23:66:41:66:41:66:60:66:60:66:Infinity":15,"s:68:10:68:Infinity":34,"b:70:10:72:Infinity:undefined:undefined:undefined:undefined":16,"s:70:10:72:Infinity":35,"b:70:14:70:47:70:47:70:79":17,"s:71:12:71:Infinity":36,"s:73:10:73:Infinity":37,"s:75:10:81:Infinity":38,"b:79:20:79:38:79:38:79:Infinity":18,"s:88:4:88:Infinity":39,"s:89:4:89:Infinity":40,"s:91:4:91:Infinity":41,"s:92:4:92:Infinity":42,"f:103:15:103:Infinity":5,"b:105:11:105:Infinity":19,"b:106:18:106:Infinity":20,"b:107:27:107:Infinity":21,"s:109:18:109:Infinity":43,"b:110:2:112:Infinity:undefined:undefined:undefined:undefined":22,"s:110:2:112:Infinity":44,"s:111:4:111:Infinity":45,"s:117:13:117:Infinity":46,"b:118:2:124:Infinity:undefined:undefined:undefined:undefined":23,"s:118:2:124:Infinity":47,"b:119:4:123:Infinity:121:11:123:Infinity":24,"s:119:4:123:Infinity":48,"s:120:6:120:Infinity":49,"s:122:6:122:Infinity":50,"b:126:2:128:Infinity:undefined:undefined:undefined:undefined":25,"s:126:2:128:Infinity":51,"s:127:4:127:Infinity":52,"s:131:2:131:Infinity":53,"s:133:14:133:Infinity":54,"s:134:2:134:Infinity":55,"s:136:31:142:Infinity":56,"b:144:2:146:Infinity:undefined:undefined:undefined:undefined":26,"s:144:2:146:Infinity":57,"s:145:4:145:Infinity":58,"s:148:19:148:Infinity":59,"b:150:2:154:Infinity:undefined:undefined:undefined:undefined":27,"s:150:2:154:Infinity":60,"s:151:19:151:Infinity":61,"f:151:47:151:54":6,"s:151:54:151:57":62,"s:152:4:152:Infinity":63,"s:153:4:153:Infinity":64,"b:153:20:153:37:153:37:153:68":28,"s:157:15:157:Infinity":65,"s:158:2:158:Infinity":66,"b:158:17:158:42:158:42:158:Infinity":29,"f:165:22:165:32":7,"s:166:18:166:Infinity":67,"b:167:2:167:Infinity:undefined:undefined:undefined:undefined":30,"s:167:2:167:Infinity":68,"s:167:16:167:Infinity":69,"s:169:17:173:Infinity":70,"s:175:2:179:Infinity":71,"f:186:22:186:34":8,"s:187:18:187:Infinity":72,"b:188:2:188:Infinity:undefined:undefined:undefined:undefined":31,"s:188:2:188:Infinity":73,"s:188:16:188:Infinity":74,"s:191:17:193:Infinity":75,"s:195:22:195:Infinity":76,"f:195:44:195:45":9,"s:195:51:195:74":77,"b:196:2:199:Infinity:undefined:undefined:undefined:undefined":32,"s:196:2:199:Infinity":78,"s:197:4:197:Infinity":79,"s:198:4:198:Infinity":80,"s:202:15:202:Infinity":81,"s:203:2:207:Infinity":82,"f:214:22:214:31":10,"s:215:18:215:Infinity":83,"b:216:2:216:Infinity:undefined:undefined:undefined:undefined":33,"s:216:2:216:Infinity":84,"s:216:16:216:Infinity":85,"s:218:2:225:Infinity":86,"f:232:22:232:33":11,"s:233:18:233:Infinity":87,"b:234:2:234:Infinity:undefined:undefined:undefined:undefined":34,"s:234:2:234:Infinity":88,"s:234:16:234:Infinity":89,"s:236:2:243:Infinity":90,"f:250:22:250:33":12,"s:251:2:251:Infinity":91}}}
,"/home/mike10010100/git/ergoblock/src/background.ts": {"path":"/home/mike10010100/git/ergoblock/src/background.ts","statementMap":{"0":{"start":{"line":11,"column":19},"end":{"line":11,"column":null}},"1":{"start":{"line":20,"column":17},"end":{"line":20,"column":null}},"2":{"start":{"line":21,"column":2},"end":{"line":21,"column":null}},"3":{"start":{"line":31,"column":18},"end":{"line":31,"column":null}},"4":{"start":{"line":32,"column":14},"end":{"line":32,"column":null}},"5":{"start":{"line":33,"column":2},"end":{"line":33,"column":null}},"6":{"start":{"line":35,"column":31},"end":{"line":41,"column":null}},"7":{"start":{"line":43,"column":2},"end":{"line":45,"column":null}},"8":{"start":{"line":44,"column":4},"end":{"line":44,"column":null}},"9":{"start":{"line":47,"column":19},"end":{"line":47,"column":null}},"10":{"start":{"line":49,"column":2},"end":{"line":53,"column":null}},"11":{"start":{"line":50,"column":19},"end":{"line":50,"column":null}},"12":{"start":{"line":50,"column":54},"end":{"line":50,"column":57}},"13":{"start":{"line":51,"column":4},"end":{"line":51,"column":null}},"14":{"start":{"line":52,"column":4},"end":{"line":52,"column":null}},"15":{"start":{"line":55,"column":15},"end":{"line":55,"column":null}},"16":{"start":{"line":56,"column":2},"end":{"line":56,"column":null}},"17":{"start":{"line":65,"column":17},"end":{"line":71,"column":null}},"18":{"start":{"line":73,"column":22},"end":{"line":73,"column":null}},"19":{"start":{"line":73,"column":51},"end":{"line":73,"column":74}},"20":{"start":{"line":74,"column":2},"end":{"line":77,"column":null}},"21":{"start":{"line":75,"column":4},"end":{"line":75,"column":null}},"22":{"start":{"line":76,"column":4},"end":{"line":76,"column":null}},"23":{"start":{"line":79,"column":15},"end":{"line":79,"column":null}},"24":{"start":{"line":80,"column":2},"end":{"line":90,"column":null}},"25":{"start":{"line":92,"column":2},"end":{"line":92,"column":null}},"26":{"start":{"line":96,"column":2},"end":{"line":96,"column":null}},"27":{"start":{"line":97,"column":2},"end":{"line":97,"column":null}},"28":{"start":{"line":101,"column":18},"end":{"line":101,"column":null}},"29":{"start":{"line":102,"column":2},"end":{"line":105,"column":null}},"30":{"start":{"line":103,"column":4},"end":{"line":103,"column":null}},"31":{"start":{"line":104,"column":4},"end":{"line":104,"column":null}},"32":{"start":{"line":107,"column":17},"end":{"line":107,"column":null}},"33":{"start":{"line":108,"column":16},"end":{"line":108,"column":null}},"34":{"start":{"line":109,"column":16},"end":{"line":109,"column":null}},"35":{"start":{"line":111,"column":2},"end":{"line":111,"column":null}},"36":{"start":{"line":112,"column":2},"end":{"line":112,"column":null}},"37":{"start":{"line":121,"column":18},"end":{"line":121,"column":null}},"38":{"start":{"line":122,"column":2},"end":{"line":124,"column":null}},"39":{"start":{"line":123,"column":4},"end":{"line":123,"column":null}},"40":{"start":{"line":129,"column":2},"end":{"line":135,"column":null}},"41":{"start":{"line":130,"column":4},"end":{"line":130,"column":null}},"42":{"start":{"line":131,"column":4},"end":{"line":131,"column":null}},"43":{"start":{"line":133,"column":4},"end":{"line":133,"column":null}},"44":{"start":{"line":134,"column":4},"end":{"line":134,"column":null}},"45":{"start":{"line":137,"column":2},"end":{"line":143,"column":null}},"46":{"start":{"line":147,"column":2},"end":{"line":147,"column":null}},"47":{"start":{"line":149,"column":15},"end":{"line":149,"column":null}},"48":{"start":{"line":150,"column":2},"end":{"line":153,"column":null}},"49":{"start":{"line":151,"column":4},"end":{"line":151,"column":null}},"50":{"start":{"line":152,"column":4},"end":{"line":152,"column":null}},"51":{"start":{"line":155,"column":2},"end":{"line":155,"column":null}},"52":{"start":{"line":156,"column":14},"end":{"line":156,"column":null}},"53":{"start":{"line":159,"column":17},"end":{"line":159,"column":null}},"54":{"start":{"line":160,"column":64},"end":{"line":160,"column":null}},"55":{"start":{"line":162,"column":2},"end":{"line":199,"column":null}},"56":{"start":{"line":163,"column":4},"end":{"line":198,"column":null}},"57":{"start":{"line":164,"column":6},"end":{"line":164,"column":null}},"58":{"start":{"line":165,"column":6},"end":{"line":197,"column":null}},"59":{"start":{"line":166,"column":8},"end":{"line":166,"column":null}},"60":{"start":{"line":167,"column":8},"end":{"line":167,"column":null}},"61":{"start":{"line":168,"column":8},"end":{"line":176,"column":null}},"62":{"start":{"line":177,"column":8},"end":{"line":177,"column":null}},"63":{"start":{"line":178,"column":8},"end":{"line":178,"column":null}},"64":{"start":{"line":179,"column":8},"end":{"line":179,"column":null}},"65":{"start":{"line":181,"column":8},"end":{"line":181,"column":null}},"66":{"start":{"line":182,"column":8},"end":{"line":190,"column":null}},"67":{"start":{"line":191,"column":8},"end":{"line":196,"column":null}},"68":{"start":{"line":202,"column":16},"end":{"line":202,"column":null}},"69":{"start":{"line":203,"column":63},"end":{"line":203,"column":null}},"70":{"start":{"line":205,"column":2},"end":{"line":242,"column":null}},"71":{"start":{"line":206,"column":4},"end":{"line":241,"column":null}},"72":{"start":{"line":207,"column":6},"end":{"line":207,"column":null}},"73":{"start":{"line":208,"column":6},"end":{"line":240,"column":null}},"74":{"start":{"line":209,"column":8},"end":{"line":209,"column":null}},"75":{"start":{"line":210,"column":8},"end":{"line":210,"column":null}},"76":{"start":{"line":211,"column":8},"end":{"line":219,"column":null}},"77":{"start":{"line":220,"column":8},"end":{"line":220,"column":null}},"78":{"start":{"line":221,"column":8},"end":{"line":221,"column":null}},"79":{"start":{"line":222,"column":8},"end":{"line":222,"column":null}},"80":{"start":{"line":224,"column":8},"end":{"line":224,"column":null}},"81":{"start":{"line":225,"column":8},"end":{"line":233,"column":null}},"82":{"start":{"line":234,"column":8},"end":{"line":239,"column":null}},"83":{"start":{"line":244,"column":2},"end":{"line":244,"column":null}},"84":{"start":{"line":245,"column":2},"end":{"line":245,"column":null}},"85":{"start":{"line":249,"column":18},"end":{"line":249,"column":null}},"86":{"start":{"line":250,"column":26},"end":{"line":250,"column":null}},"87":{"start":{"line":252,"column":2},"end":{"line":252,"column":null}},"88":{"start":{"line":253,"column":2},"end":{"line":255,"column":null}},"89":{"start":{"line":256,"column":2},"end":{"line":256,"column":null}},"90":{"start":{"line":260,"column":0},"end":{"line":264,"column":null}},"91":{"start":{"line":261,"column":2},"end":{"line":263,"column":null}},"92":{"start":{"line":262,"column":4},"end":{"line":262,"column":null}},"93":{"start":{"line":272,"column":0},"end":{"line":293,"column":null}},"94":{"start":{"line":274,"column":4},"end":{"line":274,"column":null}},"95":{"start":{"line":276,"column":4},"end":{"line":279,"column":null}},"96":{"start":{"line":277,"column":6},"end":{"line":277,"column":null}},"97":{"start":{"line":278,"column":6},"end":{"line":278,"column":null}},"98":{"start":{"line":281,"column":4},"end":{"line":284,"column":null}},"99":{"start":{"line":282,"column":6},"end":{"line":282,"column":null}},"100":{"start":{"line":283,"column":6},"end":{"line":283,"column":null}},"101":{"start":{"line":286,"column":4},"end":{"line":289,"column":null}},"102":{"start":{"line":287,"column":6},"end":{"line":287,"column":null}},"103":{"start":{"line":287,"column":36},"end":{"line":287,"column":67}},"104":{"start":{"line":288,"column":6},"end":{"line":288,"column":null}},"105":{"start":{"line":291,"column":4},"end":{"line":291,"column":null}},"106":{"start":{"line":296,"column":0},"end":{"line":300,"column":null}},"107":{"start":{"line":297,"column":2},"end":{"line":297,"column":null}},"108":{"start":{"line":298,"column":2},"end":{"line":298,"column":null}},"109":{"start":{"line":299,"column":2},"end":{"line":299,"column":null}},"110":{"start":{"line":302,"column":0},"end":{"line":306,"column":null}},"111":{"start":{"line":303,"column":2},"end":{"line":303,"column":null}},"112":{"start":{"line":304,"column":2},"end":{"line":304,"column":null}},"113":{"start":{"line":305,"column":2},"end":{"line":305,"column":null}}},"fnMap":{"0":{"name":"getAuthToken","decl":{"start":{"line":19,"column":15},"end":{"line":19,"column":56}},"loc":{"start":{"line":19,"column":56},"end":{"line":22,"column":null}},"line":19},"1":{"name":"apiRequest","decl":{"start":{"line":24,"column":22},"end":{"line":24,"column":null}},"loc":{"start":{"line":30,"column":21},"end":{"line":57,"column":null}},"line":30},"2":{"name":"(anonymous_2)","decl":{"start":{"line":50,"column":47},"end":{"line":50,"column":54}},"loc":{"start":{"line":50,"column":54},"end":{"line":50,"column":57}},"line":50},"3":{"name":"unblockUser","decl":{"start":{"line":59,"column":22},"end":{"line":59,"column":null}},"loc":{"start":{"line":64,"column":20},"end":{"line":93,"column":null}},"line":64},"4":{"name":"(anonymous_4)","decl":{"start":{"line":73,"column":44},"end":{"line":73,"column":45}},"loc":{"start":{"line":73,"column":51},"end":{"line":73,"column":74}},"line":73},"5":{"name":"unmuteUser","decl":{"start":{"line":95,"column":22},"end":{"line":95,"column":33}},"loc":{"start":{"line":95,"column":95},"end":{"line":98,"column":null}},"line":95},"6":{"name":"updateBadge","decl":{"start":{"line":100,"column":22},"end":{"line":100,"column":51}},"loc":{"start":{"line":100,"column":51},"end":{"line":113,"column":null}},"line":100},"7":{"name":"sendNotification","decl":{"start":{"line":115,"column":22},"end":{"line":115,"column":null}},"loc":{"start":{"line":120,"column":17},"end":{"line":144,"column":null}},"line":120},"8":{"name":"checkExpirations","decl":{"start":{"line":146,"column":22},"end":{"line":146,"column":56}},"loc":{"start":{"line":146,"column":56},"end":{"line":246,"column":null}},"line":146},"9":{"name":"setupAlarm","decl":{"start":{"line":248,"column":22},"end":{"line":248,"column":50}},"loc":{"start":{"line":248,"column":50},"end":{"line":257,"column":null}},"line":248},"10":{"name":"(anonymous_10)","decl":{"start":{"line":260,"column":34},"end":{"line":260,"column":35}},"loc":{"start":{"line":260,"column":45},"end":{"line":264,"column":1}},"line":260},"11":{"name":"(anonymous_11)","decl":{"start":{"line":273,"column":2},"end":{"line":273,"column":3}},"loc":{"start":{"line":273,"column":98},"end":{"line":292,"column":null}},"line":273},"12":{"name":"(anonymous_12)","decl":{"start":{"line":287,"column":30},"end":{"line":287,"column":36}},"loc":{"start":{"line":287,"column":36},"end":{"line":287,"column":67}},"line":287},"13":{"name":"(anonymous_13)","decl":{"start":{"line":296,"column":39},"end":{"line":296,"column":45}},"loc":{"start":{"line":296,"column":45},"end":{"line":300,"column":1}},"line":296},"14":{"name":"(anonymous_14)","decl":{"start":{"line":302,"column":37},"end":{"line":302,"column":43}},"loc":{"start":{"line":302,"column":43},"end":{"line":306,"column":1}},"line":302}},"branchMap":{"0":{"loc":{"start":{"line":21,"column":10},"end":{"line":21,"column":null}},"type":"binary-expr","locations":[{"start":{"line":21,"column":10},"end":{"line":21,"column":43}},{"start":{"line":21,"column":43},"end":{"line":21,"column":null}}],"line":21},"1":{"loc":{"start":{"line":31,"column":18},"end":{"line":31,"column":null}},"type":"binary-expr","locations":[{"start":{"line":31,"column":18},"end":{"line":31,"column":28}},{"start":{"line":31,"column":28},"end":{"line":31,"column":null}}],"line":31},"2":{"loc":{"start":{"line":43,"column":2},"end":{"line":45,"column":null}},"type":"if","locations":[{"start":{"line":43,"column":2},"end":{"line":45,"column":null}},{"start":{},"end":{}}],"line":43},"3":{"loc":{"start":{"line":49,"column":2},"end":{"line":53,"column":null}},"type":"if","locations":[{"start":{"line":49,"column":2},"end":{"line":53,"column":null}},{"start":{},"end":{}}],"line":49},"4":{"loc":{"start":{"line":52,"column":20},"end":{"line":52,"column":68}},"type":"binary-expr","locations":[{"start":{"line":52,"column":20},"end":{"line":52,"column":37}},{"start":{"line":52,"column":37},"end":{"line":52,"column":68}}],"line":52},"5":{"loc":{"start":{"line":56,"column":9},"end":{"line":56,"column":null}},"type":"cond-expr","locations":[{"start":{"line":56,"column":17},"end":{"line":56,"column":42}},{"start":{"line":56,"column":42},"end":{"line":56,"column":null}}],"line":56},"6":{"loc":{"start":{"line":74,"column":2},"end":{"line":77,"column":null}},"type":"if","locations":[{"start":{"line":74,"column":2},"end":{"line":77,"column":null}},{"start":{},"end":{}}],"line":74},"7":{"loc":{"start":{"line":102,"column":2},"end":{"line":105,"column":null}},"type":"if","locations":[{"start":{"line":102,"column":2},"end":{"line":105,"column":null}},{"start":{},"end":{}}],"line":102},"8":{"loc":{"start":{"line":111,"column":43},"end":{"line":111,"column":77}},"type":"cond-expr","locations":[{"start":{"line":111,"column":55},"end":{"line":111,"column":74}},{"start":{"line":111,"column":74},"end":{"line":111,"column":77}}],"line":111},"9":{"loc":{"start":{"line":122,"column":2},"end":{"line":124,"column":null}},"type":"if","locations":[{"start":{"line":122,"column":2},"end":{"line":124,"column":null}},{"start":{},"end":{}}],"line":122},"10":{"loc":{"start":{"line":129,"column":2},"end":{"line":135,"column":null}},"type":"if","locations":[{"start":{"line":129,"column":2},"end":{"line":135,"column":null}},{"start":{"line":132,"column":9},"end":{"line":135,"column":null}}],"line":129},"11":{"loc":{"start":{"line":134,"column":49},"end":{"line":134,"column":73}},"type":"binary-expr","locations":[{"start":{"line":134,"column":49},"end":{"line":134,"column":58}},{"start":{"line":134,"column":58},"end":{"line":134,"column":73}}],"line":134},"12":{"loc":{"start":{"line":150,"column":2},"end":{"line":153,"column":null}},"type":"if","locations":[{"start":{"line":150,"column":2},"end":{"line":153,"column":null}},{"start":{},"end":{}}],"line":150},"13":{"loc":{"start":{"line":150,"column":6},"end":{"line":150,"column":55}},"type":"binary-expr","locations":[{"start":{"line":150,"column":6},"end":{"line":150,"column":26}},{"start":{"line":150,"column":26},"end":{"line":150,"column":40}},{"start":{"line":150,"column":40},"end":{"line":150,"column":55}}],"line":150},"14":{"loc":{"start":{"line":163,"column":4},"end":{"line":198,"column":null}},"type":"if","locations":[{"start":{"line":163,"column":4},"end":{"line":198,"column":null}},{"start":{},"end":{}}],"line":163},"15":{"loc":{"start":{"line":175,"column":20},"end":{"line":175,"column":null}},"type":"cond-expr","locations":[{"start":{"line":175,"column":37},"end":{"line":175,"column":67}},{"start":{"line":175,"column":67},"end":{"line":175,"column":null}}],"line":175},"16":{"loc":{"start":{"line":189,"column":17},"end":{"line":189,"column":null}},"type":"cond-expr","locations":[{"start":{"line":189,"column":42},"end":{"line":189,"column":58}},{"start":{"line":189,"column":58},"end":{"line":189,"column":null}}],"line":189},"17":{"loc":{"start":{"line":195,"column":10},"end":{"line":195,"column":null}},"type":"cond-expr","locations":[{"start":{"line":195,"column":35},"end":{"line":195,"column":51}},{"start":{"line":195,"column":51},"end":{"line":195,"column":null}}],"line":195},"18":{"loc":{"start":{"line":206,"column":4},"end":{"line":241,"column":null}},"type":"if","locations":[{"start":{"line":206,"column":4},"end":{"line":241,"column":null}},{"start":{},"end":{}}],"line":206},"19":{"loc":{"start":{"line":218,"column":20},"end":{"line":218,"column":null}},"type":"cond-expr","locations":[{"start":{"line":218,"column":37},"end":{"line":218,"column":67}},{"start":{"line":218,"column":67},"end":{"line":218,"column":null}}],"line":218},"20":{"loc":{"start":{"line":232,"column":17},"end":{"line":232,"column":null}},"type":"cond-expr","locations":[{"start":{"line":232,"column":42},"end":{"line":232,"column":58}},{"start":{"line":232,"column":58},"end":{"line":232,"column":null}}],"line":232},"21":{"loc":{"start":{"line":238,"column":10},"end":{"line":238,"column":null}},"type":"cond-expr","locations":[{"start":{"line":238,"column":35},"end":{"line":238,"column":51}},{"start":{"line":238,"column":51},"end":{"line":238,"column":null}}],"line":238},"22":{"loc":{"start":{"line":261,"column":2},"end":{"line":263,"column":null}},"type":"if","locations":[{"start":{"line":261,"column":2},"end":{"line":263,"column":null}},{"start":{},"end":{}}],"line":261},"23":{"loc":{"start":{"line":276,"column":4},"end":{"line":279,"column":null}},"type":"if","locations":[{"start":{"line":276,"column":4},"end":{"line":279,"column":null}},{"start":{},"end":{}}],"line":276},"24":{"loc":{"start":{"line":276,"column":8},"end":{"line":276,"column":83}},"type":"binary-expr","locations":[{"start":{"line":276,"column":8},"end":{"line":276,"column":47}},{"start":{"line":276,"column":47},"end":{"line":276,"column":83}}],"line":276},"25":{"loc":{"start":{"line":281,"column":4},"end":{"line":284,"column":null}},"type":"if","locations":[{"start":{"line":281,"column":4},"end":{"line":284,"column":null}},{"start":{},"end":{}}],"line":281},"26":{"loc":{"start":{"line":281,"column":8},"end":{"line":281,"column":59}},"type":"binary-expr","locations":[{"start":{"line":281,"column":8},"end":{"line":281,"column":45}},{"start":{"line":281,"column":45},"end":{"line":281,"column":59}}],"line":281},"27":{"loc":{"start":{"line":286,"column":4},"end":{"line":289,"column":null}},"type":"if","locations":[{"start":{"line":286,"column":4},"end":{"line":289,"column":null}},{"start":{},"end":{}}],"line":286}},"s":{"0":7,"1":1,"2":1,"3":4,"4":4,"5":4,"6":4,"7":4,"8":2,"9":4,"10":4,"11":0,"12":0,"13":0,"14":0,"15":3,"16":3,"17":2,"18":1,"19":1,"20":2,"21":0,"22":0,"23":1,"24":1,"25":1,"26":1,"27":1,"28":3,"29":3,"30":0,"31":0,"32":3,"33":3,"34":3,"35":3,"36":3,"37":1,"38":1,"39":0,"40":1,"41":0,"42":0,"43":1,"44":1,"45":1,"46":1,"47":1,"48":1,"49":0,"50":0,"51":1,"52":1,"53":1,"54":1,"55":1,"56":1,"57":1,"58":1,"59":1,"60":0,"61":0,"62":0,"63":0,"64":0,"65":1,"66":1,"67":1,"68":1,"69":1,"70":1,"71":1,"72":0,"73":0,"74":0,"75":0,"76":0,"77":0,"78":0,"79":0,"80":0,"81":0,"82":0,"83":1,"84":1,"85":2,"86":2,"87":2,"88":2,"89":2,"90":7,"91":0,"92":0,"93":7,"94":2,"95":2,"96":1,"97":1,"98":2,"99":1,"100":1,"101":2,"102":0,"103":0,"104":0,"105":2,"106":7,"107":0,"108":0,"109":0,"110":7,"111":0,"112":0,"113":0},"f":{"0":1,"1":4,"2":0,"3":2,"4":1,"5":1,"6":3,"7":1,"8":1,"9":2,"10":0,"11":2,"12":0,"13":0,"14":0},"b":{"0":[1,0],"1":[4,0],"2":[2,2],"3":[0,4],"4":[0,0],"5":[1,2],"6":[0,2],"7":[0,3],"8":[2,1],"9":[0,1],"10":[0,1],"11":[1,0],"12":[0,1],"13":[1,1,1],"14":[1,0],"15":[0,0],"16":[1,0],"17":[1,0],"18":[0,1],"19":[0,0],"20":[0,0],"21":[0,0],"22":[0,0],"23":[1,1],"24":[2,1],"25":[1,1],"26":[2,1],"27":[0,2]},"meta":{"lastBranch":28,"lastFunction":15,"lastStatement":114,"seen":{"s:11:19:11:Infinity":0,"f:19:15:19:56":0,"s:20:17:20:Infinity":1,"s:21:2:21:Infinity":2,"b:21:10:21:43:21:43:21:Infinity":0,"f:24:22:24:Infinity":1,"s:31:18:31:Infinity":3,"b:31:18:31:28:31:28:31:Infinity":1,"s:32:14:32:Infinity":4,"s:33:2:33:Infinity":5,"s:35:31:41:Infinity":6,"b:43:2:45:Infinity:undefined:undefined:undefined:undefined":2,"s:43:2:45:Infinity":7,"s:44:4:44:Infinity":8,"s:47:19:47:Infinity":9,"b:49:2:53:Infinity:undefined:undefined:undefined:undefined":3,"s:49:2:53:Infinity":10,"s:50:19:50:Infinity":11,"f:50:47:50:54":2,"s:50:54:50:57":12,"s:51:4:51:Infinity":13,"s:52:4:52:Infinity":14,"b:52:20:52:37:52:37:52:68":4,"s:55:15:55:Infinity":15,"s:56:2:56:Infinity":16,"b:56:17:56:42:56:42:56:Infinity":5,"f:59:22:59:Infinity":3,"s:65:17:71:Infinity":17,"s:73:22:73:Infinity":18,"f:73:44:73:45":4,"s:73:51:73:74":19,"b:74:2:77:Infinity:undefined:undefined:undefined:undefined":6,"s:74:2:77:Infinity":20,"s:75:4:75:Infinity":21,"s:76:4:76:Infinity":22,"s:79:15:79:Infinity":23,"s:80:2:90:Infinity":24,"s:92:2:92:Infinity":25,"f:95:22:95:33":5,"s:96:2:96:Infinity":26,"s:97:2:97:Infinity":27,"f:100:22:100:51":6,"s:101:18:101:Infinity":28,"b:102:2:105:Infinity:undefined:undefined:undefined:undefined":7,"s:102:2:105:Infinity":29,"s:103:4:103:Infinity":30,"s:104:4:104:Infinity":31,"s:107:17:107:Infinity":32,"s:108:16:108:Infinity":33,"s:109:16:109:Infinity":34,"s:111:2:111:Infinity":35,"b:111:55:111:74:111:74:111:77":8,"s:112:2:112:Infinity":36,"f:115:22:115:Infinity":7,"s:121:18:121:Infinity":37,"b:122:2:124:Infinity:undefined:undefined:undefined:undefined":9,"s:122:2:124:Infinity":38,"s:123:4:123:Infinity":39,"b:129:2:135:Infinity:132:9:135:Infinity":10,"s:129:2:135:Infinity":40,"s:130:4:130:Infinity":41,"s:131:4:131:Infinity":42,"s:133:4:133:Infinity":43,"s:134:4:134:Infinity":44,"b:134:49:134:58:134:58:134:73":11,"s:137:2:143:Infinity":45,"f:146:22:146:56":8,"s:147:2:147:Infinity":46,"s:149:15:149:Infinity":47,"b:150:2:153:Infinity:undefined:undefined:undefined:undefined":12,"s:150:2:153:Infinity":48,"b:150:6:150:26:150:26:150:40:150:40:150:55":13,"s:151:4:151:Infinity":49,"s:152:4:152:Infinity":50,"s:155:2:155:Infinity":51,"s:156:14:156:Infinity":52,"s:159:17:159:Infinity":53,"s:160:64:160:Infinity":54,"s:162:2:199:Infinity":55,"b:163:4:198:Infinity:undefined:undefined:undefined:undefined":14,"s:163:4:198:Infinity":56,"s:164:6:164:Infinity":57,"s:165:6:197:Infinity":58,"s:166:8:166:Infinity":59,"s:167:8:167:Infinity":60,"s:168:8:176:Infinity":61,"b:175:37:175:67:175:67:175:Infinity":15,"s:177:8:177:Infinity":62,"s:178:8:178:Infinity":63,"s:179:8:179:Infinity":64,"s:181:8:181:Infinity":65,"s:182:8:190:Infinity":66,"b:189:42:189:58:189:58:189:Infinity":16,"s:191:8:196:Infinity":67,"b:195:35:195:51:195:51:195:Infinity":17,"s:202:16:202:Infinity":68,"s:203:63:203:Infinity":69,"s:205:2:242:Infinity":70,"b:206:4:241:Infinity:undefined:undefined:undefined:undefined":18,"s:206:4:241:Infinity":71,"s:207:6:207:Infinity":72,"s:208:6:240:Infinity":73,"s:209:8:209:Infinity":74,"s:210:8:210:Infinity":75,"s:211:8:219:Infinity":76,"b:218:37:218:67:218:67:218:Infinity":19,"s:220:8:220:Infinity":77,"s:221:8:221:Infinity":78,"s:222:8:222:Infinity":79,"s:224:8:224:Infinity":80,"s:225:8:233:Infinity":81,"b:232:42:232:58:232:58:232:Infinity":20,"s:234:8:239:Infinity":82,"b:238:35:238:51:238:51:238:Infinity":21,"s:244:2:244:Infinity":83,"s:245:2:245:Infinity":84,"f:248:22:248:50":9,"s:249:18:249:Infinity":85,"s:250:26:250:Infinity":86,"s:252:2:252:Infinity":87,"s:253:2:255:Infinity":88,"s:256:2:256:Infinity":89,"s:260:0:264:Infinity":90,"f:260:34:260:35":10,"b:261:2:263:Infinity:undefined:undefined:undefined:undefined":22,"s:261:2:263:Infinity":91,"s:262:4:262:Infinity":92,"s:272:0:293:Infinity":93,"f:273:2:273:3":11,"s:274:4:274:Infinity":94,"b:276:4:279:Infinity:undefined:undefined:undefined:undefined":23,"s:276:4:279:Infinity":95,"b:276:8:276:47:276:47:276:83":24,"s:277:6:277:Infinity":96,"s:278:6:278:Infinity":97,"b:281:4:284:Infinity:undefined:undefined:undefined:undefined":25,"s:281:4:284:Infinity":98,"b:281:8:281:45:281:45:281:59":26,"s:282:6:282:Infinity":99,"s:283:6:283:Infinity":100,"b:286:4:289:Infinity:undefined:undefined:undefined:undefined":27,"s:286:4:289:Infinity":101,"s:287:6:287:Infinity":102,"f:287:30:287:36":12,"s:287:36:287:67":103,"s:288:6:288:Infinity":104,"s:291:4:291:Infinity":105,"s:296:0:300:Infinity":106,"f:296:39:296:45":13,"s:297:2:297:Infinity":107,"s:298:2:298:Infinity":108,"s:299:2:299:Infinity":109,"s:302:0:306:Infinity":110,"f:302:37:302:43":14,"s:303:2:303:Infinity":111,"s:304:2:304:Infinity":112,"s:305:2:305:Infinity":113}}}
,"/home/mike10010100/git/ergoblock/src/storage.ts": {"path":"/home/mike10010100/git/ergoblock/src/storage.ts","statementMap":{"0":{"start":{"line":8,"column":21},"end":{"line":13,"column":null}},"1":{"start":{"line":15,"column":28},"end":{"line":15,"column":null}},"2":{"start":{"line":16,"column":28},"end":{"line":16,"column":null}},"3":{"start":{"line":36,"column":17},"end":{"line":36,"column":null}},"4":{"start":{"line":37,"column":2},"end":{"line":37,"column":null}},"5":{"start":{"line":44,"column":17},"end":{"line":44,"column":null}},"6":{"start":{"line":45,"column":2},"end":{"line":45,"column":null}},"7":{"start":{"line":59,"column":17},"end":{"line":59,"column":null}},"8":{"start":{"line":60,"column":2},"end":{"line":64,"column":null}},"9":{"start":{"line":65,"column":2},"end":{"line":65,"column":null}},"10":{"start":{"line":67,"column":2},"end":{"line":71,"column":null}},"11":{"start":{"line":79,"column":17},"end":{"line":79,"column":null}},"12":{"start":{"line":80,"column":2},"end":{"line":80,"column":null}},"13":{"start":{"line":81,"column":2},"end":{"line":81,"column":null}},"14":{"start":{"line":95,"column":16},"end":{"line":95,"column":null}},"15":{"start":{"line":96,"column":2},"end":{"line":100,"column":null}},"16":{"start":{"line":101,"column":2},"end":{"line":101,"column":null}},"17":{"start":{"line":103,"column":2},"end":{"line":107,"column":null}},"18":{"start":{"line":115,"column":16},"end":{"line":115,"column":null}},"19":{"start":{"line":116,"column":2},"end":{"line":116,"column":null}},"20":{"start":{"line":117,"column":2},"end":{"line":117,"column":null}},"21":{"start":{"line":128,"column":17},"end":{"line":128,"column":null}},"22":{"start":{"line":129,"column":2},"end":{"line":129,"column":null}},"23":{"start":{"line":136,"column":2},"end":{"line":136,"column":null}},"24":{"start":{"line":148,"column":17},"end":{"line":148,"column":null}},"25":{"start":{"line":149,"column":18},"end":{"line":149,"column":null}},"26":{"start":{"line":150,"column":2},"end":{"line":150,"column":null}},"27":{"start":{"line":159,"column":22},"end":{"line":162,"column":null}},"28":{"start":{"line":164,"column":18},"end":{"line":164,"column":null}},"29":{"start":{"line":165,"column":2},"end":{"line":165,"column":null}},"30":{"start":{"line":168,"column":18},"end":{"line":168,"column":null}},"31":{"start":{"line":170,"column":2},"end":{"line":170,"column":null}},"32":{"start":{"line":181,"column":17},"end":{"line":181,"column":null}},"33":{"start":{"line":182,"column":14},"end":{"line":182,"column":null}},"34":{"start":{"line":183,"column":33},"end":{"line":183,"column":null}},"35":{"start":{"line":185,"column":2},"end":{"line":189,"column":null}},"36":{"start":{"line":186,"column":4},"end":{"line":188,"column":null}},"37":{"start":{"line":187,"column":6},"end":{"line":187,"column":null}},"38":{"start":{"line":191,"column":2},"end":{"line":191,"column":null}},"39":{"start":{"line":198,"column":16},"end":{"line":198,"column":null}},"40":{"start":{"line":199,"column":14},"end":{"line":199,"column":null}},"41":{"start":{"line":200,"column":33},"end":{"line":200,"column":null}},"42":{"start":{"line":202,"column":2},"end":{"line":206,"column":null}},"43":{"start":{"line":203,"column":4},"end":{"line":205,"column":null}},"44":{"start":{"line":204,"column":6},"end":{"line":204,"column":null}},"45":{"start":{"line":208,"column":2},"end":{"line":208,"column":null}}},"fnMap":{"0":{"name":"getTempBlocks","decl":{"start":{"line":35,"column":22},"end":{"line":35,"column":62}},"loc":{"start":{"line":35,"column":62},"end":{"line":38,"column":null}},"line":35},"1":{"name":"getTempMutes","decl":{"start":{"line":43,"column":22},"end":{"line":43,"column":61}},"loc":{"start":{"line":43,"column":61},"end":{"line":46,"column":null}},"line":43},"2":{"name":"addTempBlock","decl":{"start":{"line":54,"column":22},"end":{"line":54,"column":null}},"loc":{"start":{"line":58,"column":17},"end":{"line":72,"column":null}},"line":58},"3":{"name":"removeTempBlock","decl":{"start":{"line":78,"column":22},"end":{"line":78,"column":38}},"loc":{"start":{"line":78,"column":66},"end":{"line":82,"column":null}},"line":78},"4":{"name":"addTempMute","decl":{"start":{"line":90,"column":22},"end":{"line":90,"column":null}},"loc":{"start":{"line":94,"column":17},"end":{"line":108,"column":null}},"line":94},"5":{"name":"removeTempMute","decl":{"start":{"line":114,"column":22},"end":{"line":114,"column":37}},"loc":{"start":{"line":114,"column":65},"end":{"line":118,"column":null}},"line":114},"6":{"name":"getOptions","decl":{"start":{"line":127,"column":22},"end":{"line":127,"column":62}},"loc":{"start":{"line":127,"column":62},"end":{"line":130,"column":null}},"line":127},"7":{"name":"setOptions","decl":{"start":{"line":135,"column":22},"end":{"line":135,"column":33}},"loc":{"start":{"line":135,"column":75},"end":{"line":137,"column":null}},"line":135},"8":{"name":"getActionHistory","decl":{"start":{"line":147,"column":22},"end":{"line":147,"column":66}},"loc":{"start":{"line":147,"column":66},"end":{"line":151,"column":null}},"line":147},"9":{"name":"addHistoryEntry","decl":{"start":{"line":157,"column":22},"end":{"line":157,"column":38}},"loc":{"start":{"line":157,"column":74},"end":{"line":171,"column":null}},"line":157},"10":{"name":"removeAllExpiredBlocks","decl":{"start":{"line":180,"column":22},"end":{"line":180,"column":62}},"loc":{"start":{"line":180,"column":62},"end":{"line":192,"column":null}},"line":180},"11":{"name":"removeAllExpiredMutes","decl":{"start":{"line":197,"column":22},"end":{"line":197,"column":61}},"loc":{"start":{"line":197,"column":61},"end":{"line":209,"column":null}},"line":197}},"branchMap":{"0":{"loc":{"start":{"line":37,"column":9},"end":{"line":37,"column":null}},"type":"binary-expr","locations":[{"start":{"line":37,"column":9},"end":{"line":37,"column":45}},{"start":{"line":37,"column":45},"end":{"line":37,"column":null}}],"line":37},"1":{"loc":{"start":{"line":45,"column":9},"end":{"line":45,"column":null}},"type":"binary-expr","locations":[{"start":{"line":45,"column":9},"end":{"line":45,"column":44}},{"start":{"line":45,"column":44},"end":{"line":45,"column":null}}],"line":45},"2":{"loc":{"start":{"line":57,"column":2},"end":{"line":57,"column":null}},"type":"default-arg","locations":[{"start":{"line":57,"column":23},"end":{"line":57,"column":null}}],"line":57},"3":{"loc":{"start":{"line":93,"column":2},"end":{"line":93,"column":null}},"type":"default-arg","locations":[{"start":{"line":93,"column":23},"end":{"line":93,"column":null}}],"line":93},"4":{"loc":{"start":{"line":129,"column":9},"end":{"line":129,"column":null}},"type":"binary-expr","locations":[{"start":{"line":129,"column":9},"end":{"line":129,"column":41}},{"start":{"line":129,"column":41},"end":{"line":129,"column":null}}],"line":129},"5":{"loc":{"start":{"line":149,"column":18},"end":{"line":149,"column":null}},"type":"binary-expr","locations":[{"start":{"line":149,"column":18},"end":{"line":149,"column":57}},{"start":{"line":149,"column":57},"end":{"line":149,"column":null}}],"line":149},"6":{"loc":{"start":{"line":161,"column":8},"end":{"line":161,"column":null}},"type":"binary-expr","locations":[{"start":{"line":161,"column":8},"end":{"line":161,"column":20}},{"start":{"line":161,"column":20},"end":{"line":161,"column":null}}],"line":161},"7":{"loc":{"start":{"line":186,"column":4},"end":{"line":188,"column":null}},"type":"if","locations":[{"start":{"line":186,"column":4},"end":{"line":188,"column":null}},{"start":{},"end":{}}],"line":186},"8":{"loc":{"start":{"line":203,"column":4},"end":{"line":205,"column":null}},"type":"if","locations":[{"start":{"line":203,"column":4},"end":{"line":205,"column":null}},{"start":{},"end":{}}],"line":203}},"s":{"0":1,"1":1,"2":1,"3":7,"4":7,"5":7,"6":7,"7":2,"8":2,"9":2,"10":2,"11":1,"12":1,"13":1,"14":2,"15":2,"16":2,"17":2,"18":1,"19":1,"20":1,"21":2,"22":2,"23":1,"24":113,"25":113,"26":113,"27":111,"28":111,"29":111,"30":111,"31":111,"32":1,"33":1,"34":1,"35":1,"36":2,"37":1,"38":1,"39":1,"40":1,"41":1,"42":1,"43":2,"44":1,"45":1},"f":{"0":7,"1":7,"2":2,"3":1,"4":2,"5":1,"6":2,"7":1,"8":113,"9":111,"10":1,"11":1},"b":{"0":[7,2],"1":[7,2],"2":[2],"3":[2],"4":[2,1],"5":[113,2],"6":[111,111],"7":[1,1],"8":[1,1]},"meta":{"lastBranch":9,"lastFunction":12,"lastStatement":46,"seen":{"s:8:21:13:Infinity":0,"s:15:28:15:Infinity":1,"s:16:28:16:Infinity":2,"f:35:22:35:62":0,"s:36:17:36:Infinity":3,"s:37:2:37:Infinity":4,"b:37:9:37:45:37:45:37:Infinity":0,"f:43:22:43:61":1,"s:44:17:44:Infinity":5,"s:45:2:45:Infinity":6,"b:45:9:45:44:45:44:45:Infinity":1,"f:54:22:54:Infinity":2,"b:57:23:57:Infinity":2,"s:59:17:59:Infinity":7,"s:60:2:64:Infinity":8,"s:65:2:65:Infinity":9,"s:67:2:71:Infinity":10,"f:78:22:78:38":3,"s:79:17:79:Infinity":11,"s:80:2:80:Infinity":12,"s:81:2:81:Infinity":13,"f:90:22:90:Infinity":4,"b:93:23:93:Infinity":3,"s:95:16:95:Infinity":14,"s:96:2:100:Infinity":15,"s:101:2:101:Infinity":16,"s:103:2:107:Infinity":17,"f:114:22:114:37":5,"s:115:16:115:Infinity":18,"s:116:2:116:Infinity":19,"s:117:2:117:Infinity":20,"f:127:22:127:62":6,"s:128:17:128:Infinity":21,"s:129:2:129:Infinity":22,"b:129:9:129:41:129:41:129:Infinity":4,"f:135:22:135:33":7,"s:136:2:136:Infinity":23,"f:147:22:147:66":8,"s:148:17:148:Infinity":24,"s:149:18:149:Infinity":25,"b:149:18:149:57:149:57:149:Infinity":5,"s:150:2:150:Infinity":26,"f:157:22:157:38":9,"s:159:22:162:Infinity":27,"b:161:8:161:20:161:20:161:Infinity":6,"s:164:18:164:Infinity":28,"s:165:2:165:Infinity":29,"s:168:18:168:Infinity":30,"s:170:2:170:Infinity":31,"f:180:22:180:62":10,"s:181:17:181:Infinity":32,"s:182:14:182:Infinity":33,"s:183:33:183:Infinity":34,"s:185:2:189:Infinity":35,"b:186:4:188:Infinity:undefined:undefined:undefined:undefined":7,"s:186:4:188:Infinity":36,"s:187:6:187:Infinity":37,"s:191:2:191:Infinity":38,"f:197:22:197:61":11,"s:198:16:198:Infinity":39,"s:199:14:199:Infinity":40,"s:200:33:200:Infinity":41,"s:202:2:206:Infinity":42,"b:203:4:205:Infinity:undefined:undefined:undefined:undefined":8,"s:203:4:205:Infinity":43,"s:204:6:204:Infinity":44,"s:208:2:208:Infinity":45}}}
,"/home/mike10010100/git/ergoblock/src/types.ts": {"path":"/home/mike10010100/git/ergoblock/src/types.ts","statementMap":{"0":{"start":{"line":15,"column":49},"end":{"line":23,"column":null}}},"fnMap":{},"branchMap":{},"s":{"0":2},"f":{},"b":{},"meta":{"lastBranch":0,"lastFunction":0,"lastStatement":1,"seen":{"s:15:49:23:Infinity":0}}}
}
