{"/home/mike10010100/git/ergoblock/src/storage.ts": {"path":"/home/mike10010100/git/ergoblock/src/storage.ts","statementMap":{"0":{"start":{"line":8,"column":21},"end":{"line":13,"column":null}},"1":{"start":{"line":15,"column":28},"end":{"line":15,"column":null}},"2":{"start":{"line":16,"column":28},"end":{"line":16,"column":null}},"3":{"start":{"line":36,"column":17},"end":{"line":36,"column":null}},"4":{"start":{"line":37,"column":2},"end":{"line":37,"column":null}},"5":{"start":{"line":44,"column":17},"end":{"line":44,"column":null}},"6":{"start":{"line":45,"column":2},"end":{"line":45,"column":null}},"7":{"start":{"line":59,"column":17},"end":{"line":59,"column":null}},"8":{"start":{"line":60,"column":2},"end":{"line":64,"column":null}},"9":{"start":{"line":65,"column":2},"end":{"line":65,"column":null}},"10":{"start":{"line":67,"column":2},"end":{"line":71,"column":null}},"11":{"start":{"line":79,"column":17},"end":{"line":79,"column":null}},"12":{"start":{"line":80,"column":2},"end":{"line":80,"column":null}},"13":{"start":{"line":81,"column":2},"end":{"line":81,"column":null}},"14":{"start":{"line":95,"column":16},"end":{"line":95,"column":null}},"15":{"start":{"line":96,"column":2},"end":{"line":100,"column":null}},"16":{"start":{"line":101,"column":2},"end":{"line":101,"column":null}},"17":{"start":{"line":103,"column":2},"end":{"line":107,"column":null}},"18":{"start":{"line":115,"column":16},"end":{"line":115,"column":null}},"19":{"start":{"line":116,"column":2},"end":{"line":116,"column":null}},"20":{"start":{"line":117,"column":2},"end":{"line":117,"column":null}},"21":{"start":{"line":128,"column":17},"end":{"line":128,"column":null}},"22":{"start":{"line":129,"column":2},"end":{"line":129,"column":null}},"23":{"start":{"line":136,"column":2},"end":{"line":136,"column":null}},"24":{"start":{"line":148,"column":17},"end":{"line":148,"column":null}},"25":{"start":{"line":149,"column":18},"end":{"line":149,"column":null}},"26":{"start":{"line":150,"column":2},"end":{"line":150,"column":null}},"27":{"start":{"line":159,"column":22},"end":{"line":162,"column":null}},"28":{"start":{"line":164,"column":18},"end":{"line":164,"column":null}},"29":{"start":{"line":165,"column":2},"end":{"line":165,"column":null}},"30":{"start":{"line":168,"column":18},"end":{"line":168,"column":null}},"31":{"start":{"line":170,"column":2},"end":{"line":170,"column":null}},"32":{"start":{"line":181,"column":17},"end":{"line":181,"column":null}},"33":{"start":{"line":182,"column":14},"end":{"line":182,"column":null}},"34":{"start":{"line":183,"column":33},"end":{"line":183,"column":null}},"35":{"start":{"line":185,"column":2},"end":{"line":189,"column":null}},"36":{"start":{"line":186,"column":4},"end":{"line":188,"column":null}},"37":{"start":{"line":187,"column":6},"end":{"line":187,"column":null}},"38":{"start":{"line":191,"column":2},"end":{"line":191,"column":null}},"39":{"start":{"line":198,"column":16},"end":{"line":198,"column":null}},"40":{"start":{"line":199,"column":14},"end":{"line":199,"column":null}},"41":{"start":{"line":200,"column":33},"end":{"line":200,"column":null}},"42":{"start":{"line":202,"column":2},"end":{"line":206,"column":null}},"43":{"start":{"line":203,"column":4},"end":{"line":205,"column":null}},"44":{"start":{"line":204,"column":6},"end":{"line":204,"column":null}},"45":{"start":{"line":208,"column":2},"end":{"line":208,"column":null}}},"fnMap":{"0":{"name":"getTempBlocks","decl":{"start":{"line":35,"column":22},"end":{"line":35,"column":62}},"loc":{"start":{"line":35,"column":62},"end":{"line":38,"column":null}},"line":35},"1":{"name":"getTempMutes","decl":{"start":{"line":43,"column":22},"end":{"line":43,"column":61}},"loc":{"start":{"line":43,"column":61},"end":{"line":46,"column":null}},"line":43},"2":{"name":"addTempBlock","decl":{"start":{"line":54,"column":22},"end":{"line":54,"column":null}},"loc":{"start":{"line":58,"column":17},"end":{"line":72,"column":null}},"line":58},"3":{"name":"removeTempBlock","decl":{"start":{"line":78,"column":22},"end":{"line":78,"column":38}},"loc":{"start":{"line":78,"column":66},"end":{"line":82,"column":null}},"line":78},"4":{"name":"addTempMute","decl":{"start":{"line":90,"column":22},"end":{"line":90,"column":null}},"loc":{"start":{"line":94,"column":17},"end":{"line":108,"column":null}},"line":94},"5":{"name":"removeTempMute","decl":{"start":{"line":114,"column":22},"end":{"line":114,"column":37}},"loc":{"start":{"line":114,"column":65},"end":{"line":118,"column":null}},"line":114},"6":{"name":"getOptions","decl":{"start":{"line":127,"column":22},"end":{"line":127,"column":62}},"loc":{"start":{"line":127,"column":62},"end":{"line":130,"column":null}},"line":127},"7":{"name":"setOptions","decl":{"start":{"line":135,"column":22},"end":{"line":135,"column":33}},"loc":{"start":{"line":135,"column":75},"end":{"line":137,"column":null}},"line":135},"8":{"name":"getActionHistory","decl":{"start":{"line":147,"column":22},"end":{"line":147,"column":66}},"loc":{"start":{"line":147,"column":66},"end":{"line":151,"column":null}},"line":147},"9":{"name":"addHistoryEntry","decl":{"start":{"line":157,"column":22},"end":{"line":157,"column":38}},"loc":{"start":{"line":157,"column":74},"end":{"line":171,"column":null}},"line":157},"10":{"name":"removeAllExpiredBlocks","decl":{"start":{"line":180,"column":22},"end":{"line":180,"column":62}},"loc":{"start":{"line":180,"column":62},"end":{"line":192,"column":null}},"line":180},"11":{"name":"removeAllExpiredMutes","decl":{"start":{"line":197,"column":22},"end":{"line":197,"column":61}},"loc":{"start":{"line":197,"column":61},"end":{"line":209,"column":null}},"line":197}},"branchMap":{"0":{"loc":{"start":{"line":37,"column":9},"end":{"line":37,"column":null}},"type":"binary-expr","locations":[{"start":{"line":37,"column":9},"end":{"line":37,"column":45}},{"start":{"line":37,"column":45},"end":{"line":37,"column":null}}],"line":37},"1":{"loc":{"start":{"line":45,"column":9},"end":{"line":45,"column":null}},"type":"binary-expr","locations":[{"start":{"line":45,"column":9},"end":{"line":45,"column":44}},{"start":{"line":45,"column":44},"end":{"line":45,"column":null}}],"line":45},"2":{"loc":{"start":{"line":57,"column":2},"end":{"line":57,"column":null}},"type":"default-arg","locations":[{"start":{"line":57,"column":23},"end":{"line":57,"column":null}}],"line":57},"3":{"loc":{"start":{"line":93,"column":2},"end":{"line":93,"column":null}},"type":"default-arg","locations":[{"start":{"line":93,"column":23},"end":{"line":93,"column":null}}],"line":93},"4":{"loc":{"start":{"line":129,"column":9},"end":{"line":129,"column":null}},"type":"binary-expr","locations":[{"start":{"line":129,"column":9},"end":{"line":129,"column":41}},{"start":{"line":129,"column":41},"end":{"line":129,"column":null}}],"line":129},"5":{"loc":{"start":{"line":149,"column":18},"end":{"line":149,"column":null}},"type":"binary-expr","locations":[{"start":{"line":149,"column":18},"end":{"line":149,"column":57}},{"start":{"line":149,"column":57},"end":{"line":149,"column":null}}],"line":149},"6":{"loc":{"start":{"line":161,"column":8},"end":{"line":161,"column":null}},"type":"binary-expr","locations":[{"start":{"line":161,"column":8},"end":{"line":161,"column":20}},{"start":{"line":161,"column":20},"end":{"line":161,"column":null}}],"line":161},"7":{"loc":{"start":{"line":186,"column":4},"end":{"line":188,"column":null}},"type":"if","locations":[{"start":{"line":186,"column":4},"end":{"line":188,"column":null}},{"start":{},"end":{}}],"line":186},"8":{"loc":{"start":{"line":203,"column":4},"end":{"line":205,"column":null}},"type":"if","locations":[{"start":{"line":203,"column":4},"end":{"line":205,"column":null}},{"start":{},"end":{}}],"line":203}},"s":{"0":1,"1":1,"2":1,"3":1,"4":1,"5":0,"6":0,"7":1,"8":1,"9":1,"10":1,"11":0,"12":0,"13":0,"14":0,"15":0,"16":0,"17":0,"18":0,"19":0,"20":0,"21":0,"22":0,"23":0,"24":0,"25":0,"26":0,"27":0,"28":0,"29":0,"30":0,"31":0,"32":0,"33":0,"34":0,"35":0,"36":0,"37":0,"38":0,"39":0,"40":0,"41":0,"42":0,"43":0,"44":0,"45":0},"f":{"0":1,"1":0,"2":1,"3":0,"4":0,"5":0,"6":0,"7":0,"8":0,"9":0,"10":0,"11":0},"b":{"0":[1,0],"1":[0,0],"2":[1],"3":[0],"4":[0,0],"5":[0,0],"6":[0,0],"7":[0,0],"8":[0,0]},"meta":{"lastBranch":9,"lastFunction":12,"lastStatement":46,"seen":{"s:8:21:13:Infinity":0,"s:15:28:15:Infinity":1,"s:16:28:16:Infinity":2,"f:35:22:35:62":0,"s:36:17:36:Infinity":3,"s:37:2:37:Infinity":4,"b:37:9:37:45:37:45:37:Infinity":0,"f:43:22:43:61":1,"s:44:17:44:Infinity":5,"s:45:2:45:Infinity":6,"b:45:9:45:44:45:44:45:Infinity":1,"f:54:22:54:Infinity":2,"b:57:23:57:Infinity":2,"s:59:17:59:Infinity":7,"s:60:2:64:Infinity":8,"s:65:2:65:Infinity":9,"s:67:2:71:Infinity":10,"f:78:22:78:38":3,"s:79:17:79:Infinity":11,"s:80:2:80:Infinity":12,"s:81:2:81:Infinity":13,"f:90:22:90:Infinity":4,"b:93:23:93:Infinity":3,"s:95:16:95:Infinity":14,"s:96:2:100:Infinity":15,"s:101:2:101:Infinity":16,"s:103:2:107:Infinity":17,"f:114:22:114:37":5,"s:115:16:115:Infinity":18,"s:116:2:116:Infinity":19,"s:117:2:117:Infinity":20,"f:127:22:127:62":6,"s:128:17:128:Infinity":21,"s:129:2:129:Infinity":22,"b:129:9:129:41:129:41:129:Infinity":4,"f:135:22:135:33":7,"s:136:2:136:Infinity":23,"f:147:22:147:66":8,"s:148:17:148:Infinity":24,"s:149:18:149:Infinity":25,"b:149:18:149:57:149:57:149:Infinity":5,"s:150:2:150:Infinity":26,"f:157:22:157:38":9,"s:159:22:162:Infinity":27,"b:161:8:161:20:161:20:161:Infinity":6,"s:164:18:164:Infinity":28,"s:165:2:165:Infinity":29,"s:168:18:168:Infinity":30,"s:170:2:170:Infinity":31,"f:180:22:180:62":10,"s:181:17:181:Infinity":32,"s:182:14:182:Infinity":33,"s:183:33:183:Infinity":34,"s:185:2:189:Infinity":35,"b:186:4:188:Infinity:undefined:undefined:undefined:undefined":7,"s:186:4:188:Infinity":36,"s:187:6:187:Infinity":37,"s:191:2:191:Infinity":38,"f:197:22:197:61":11,"s:198:16:198:Infinity":39,"s:199:14:199:Infinity":40,"s:200:33:200:Infinity":41,"s:202:2:206:Infinity":42,"b:203:4:205:Infinity:undefined:undefined:undefined:undefined":8,"s:203:4:205:Infinity":43,"s:204:6:204:Infinity":44,"s:208:2:208:Infinity":45}}}
,"/home/mike10010100/git/ergoblock/src/types.ts": {"path":"/home/mike10010100/git/ergoblock/src/types.ts","statementMap":{"0":{"start":{"line":15,"column":49},"end":{"line":23,"column":null}}},"fnMap":{},"branchMap":{},"s":{"0":2},"f":{},"b":{},"meta":{"lastBranch":0,"lastFunction":0,"lastStatement":1,"seen":{"s:15:49:23:Infinity":0}}}
}
